<?xml version="1.0" encoding="UTF-8"?>
<testsuite xmlns:xsi="http://www.w3.org/2001/XMLSchema-instance" xsi:noNamespaceSchemaLocation="https://maven.apache.org/surefire/maven-surefire-plugin/xsd/surefire-test-report-3.0.xsd" version="3.0" name="programmingtheiot.part04.integration.connection.CloudClientConnectorTest" time="65.668" tests="1" errors="0" skipped="0" failures="0">
  <properties>
[...]
</properties>
  <testcase name="testIntegratedCloudClientConnectAndDisconnect" classname="programmingtheiot.part04.integration.connection.CloudClientConnectorTest" time="65.658">
    <system-err><![CDATA[Dec 10, 2024 12:34:38 AM programmingtheiot.gda.connection.MqttClientConnector initSecureConnectionParameters
INFO: Configuring TLS...
Dec 10, 2024 12:34:38 AM programmingtheiot.gda.connection.MqttClientConnector initSecureConnectionParameters
INFO: PEM file valid. Using secure connection: /etc/mosquitto/certs/ca.crt
Dec 10, 2024 12:34:38 AM programmingtheiot.common.SimpleCertManagementUtil isValid
INFO: Certificate / key file exists: /etc/mosquitto/certs/ca.crt
Dec 10, 2024 12:34:39 AM programmingtheiot.common.SimpleCertManagementUtil loadCertificate
INFO: Configuring TLSv1.2 using X.509
Dec 10, 2024 12:34:39 AM programmingtheiot.common.SimpleCertManagementUtil importCertificate
INFO: Successfully imported X.509 certificate using entry name ca.crt.1111.1 from file: /etc/mosquitto/certs/ca.crt
Dec 10, 2024 12:34:39 AM programmingtheiot.common.SimpleCertManagementUtil loadCertificate
INFO: X.509 certificate load and TLSv1.2 socket init successful from file: /etc/mosquitto/certs/ca.crt
Dec 10, 2024 12:34:39 AM programmingtheiot.gda.connection.MqttClientConnector initSecureConnectionParameters
INFO: TLS enabled.
Dec 10, 2024 12:34:40 AM programmingtheiot.gda.connection.MqttClientConnector initClientParameters
INFO: MQTT client connecting to broker: ssl://localhost:8883
Dec 10, 2024 12:34:40 AM programmingtheiot.gda.connection.MqttClientConnector initCredentialConnectionParameters
INFO: Checking if credentials file exists and is loadable...
Dec 10, 2024 12:34:40 AM programmingtheiot.common.ConfigUtil getCredentials
WARNING: Credential file non-existent: ./cred/PiotMqttCred.props. Ignoring.
Dec 10, 2024 12:34:40 AM programmingtheiot.gda.connection.MqttClientConnector initCredentialConnectionParameters
WARNING: No credentials are set.
Dec 10, 2024 12:34:40 AM programmingtheiot.gda.connection.MqttClientConnector initClientParameters
INFO: Using URL for broker conn: ssl://localhost:8883
Dec 10, 2024 12:34:40 AM programmingtheiot.gda.app.DeviceDataManager startManager
INFO: DeviceDataManager is starting...
Dec 10, 2024 12:34:40 AM programmingtheiot.gda.connection.MqttClientConnector connectClient
INFO: MQTT client connecting to broker: ssl://localhost:8883
Dec 10, 2024 12:34:41 AM programmingtheiot.gda.app.DeviceDataManager startManager
INFO: Successfully connected MQTT client to broker.
Dec 10, 2024 12:34:41 AM programmingtheiot.gda.system.SystemPerformanceManager startManager
INFO: SystemPerformanceManager is starting...
Dec 10, 2024 12:34:41 AM programmingtheiot.gda.app.DeviceDataManager startManager
INFO: SystemPerformanceManager started.
Dec 10, 2024 12:34:42 AM programmingtheiot.gda.system.SystemPerformanceManager handleTelemetry
INFO: CPU utilization: 8.989258, Mem utilization: 1.0867016 , Disk utilization: 0.8638443
Dec 10, 2024 12:34:42 AM programmingtheiot.gda.app.DeviceDataManager handleSystemPerformanceMessage
INFO: Handling system performance message: SysPerfData
Dec 10, 2024 12:35:41 AM programmingtheiot.gda.app.DeviceDataManager stopManager
INFO: Stopping DeviceDataManager...
Dec 10, 2024 12:35:41 AM programmingtheiot.gda.system.SystemPerformanceManager stopManager
INFO: SystemPerformanceManager is stopped.
Dec 10, 2024 12:35:41 AM programmingtheiot.gda.app.DeviceDataManager stopManager
INFO: SystemPerformanceManager stopped.
Dec 10, 2024 12:35:41 AM programmingtheiot.gda.connection.MqttClientConnector unsubscribeFromTopic
INFO: unsubscribeFromTopic called with topic: GDA_MGMT_STATUS_MSG_RESOURCE
Dec 10, 2024 12:35:41 AM programmingtheiot.gda.connection.MqttClientConnector unsubscribeFromTopic
SEVERE: Failed to unsubscribe from topic: GDA_MGMT_STATUS_MSG_RESOURCE
Client is not connected (32104)
	at org.eclipse.paho.client.mqttv3.internal.ExceptionHelper.createMqttException(ExceptionHelper.java:31)
	at org.eclipse.paho.client.mqttv3.internal.ClientComms.sendNoWait(ClientComms.java:203)
	at org.eclipse.paho.client.mqttv3.MqttAsyncClient.unsubscribe(MqttAsyncClient.java:1120)
	at org.eclipse.paho.client.mqttv3.MqttAsyncClient.unsubscribe(MqttAsyncClient.java:1060)
	at programmingtheiot.gda.connection.MqttClientConnector.unsubscribeFromTopic(MqttClientConnector.java:275)
	at programmingtheiot.gda.app.DeviceDataManager.stopManager(DeviceDataManager.java:452)
	at programmingtheiot.part04.integration.connection.CloudClientConnectorTest.testIntegratedCloudClientConnectAndDisconnect(CloudClientConnectorTest.java:112)
	at java.base/jdk.internal.reflect.NativeMethodAccessorImpl.invoke0(Native Method)
	at java.base/jdk.internal.reflect.NativeMethodAccessorImpl.invoke(NativeMethodAccessorImpl.java:62)
	at java.base/jdk.internal.reflect.DelegatingMethodAccessorImpl.invoke(DelegatingMethodAccessorImpl.java:43)
	at java.base/java.lang.reflect.Method.invoke(Method.java:566)
	at org.junit.runners.model.FrameworkMethod$1.runReflectiveCall(FrameworkMethod.java:59)
	at org.junit.internal.runners.model.ReflectiveCallable.run(ReflectiveCallable.java:12)
	at org.junit.runners.model.FrameworkMethod.invokeExplosively(FrameworkMethod.java:56)
	at org.junit.internal.runners.statements.InvokeMethod.evaluate(InvokeMethod.java:17)
	at org.junit.internal.runners.statements.RunBefores.evaluate(RunBefores.java:26)
	at org.junit.internal.runners.statements.RunAfters.evaluate(RunAfters.java:27)
	at org.junit.runners.ParentRunner$3.evaluate(ParentRunner.java:306)
	at org.junit.runners.BlockJUnit4ClassRunner$1.evaluate(BlockJUnit4ClassRunner.java:100)
	at org.junit.runners.ParentRunner.runLeaf(ParentRunner.java:366)
	at org.junit.runners.BlockJUnit4ClassRunner.runChild(BlockJUnit4ClassRunner.java:103)
	at org.junit.runners.BlockJUnit4ClassRunner.runChild(BlockJUnit4ClassRunner.java:63)
	at org.junit.runners.ParentRunner$4.run(ParentRunner.java:331)
	at org.junit.runners.ParentRunner$1.schedule(ParentRunner.java:79)
	at org.junit.runners.ParentRunner.runChildren(ParentRunner.java:329)
	at org.junit.runners.ParentRunner.access$100(ParentRunner.java:66)
	at org.junit.runners.ParentRunner$2.evaluate(ParentRunner.java:293)
	at org.junit.runners.ParentRunner$3.evaluate(ParentRunner.java:306)
	at org.junit.runners.ParentRunner.run(ParentRunner.java:413)
	at org.apache.maven.surefire.junit4.JUnit4Provider.execute(JUnit4Provider.java:364)
	at org.apache.maven.surefire.junit4.JUnit4Provider.executeWithRerun(JUnit4Provider.java:272)
	at org.apache.maven.surefire.junit4.JUnit4Provider.executeTestSet(JUnit4Provider.java:237)
	at org.apache.maven.surefire.junit4.JUnit4Provider.invoke(JUnit4Provider.java:158)
	at org.apache.maven.surefire.booter.ForkedBooter.runSuitesInProcess(ForkedBooter.java:428)
	at org.apache.maven.surefire.booter.ForkedBooter.execute(ForkedBooter.java:162)
	at org.apache.maven.surefire.booter.ForkedBooter.run(ForkedBooter.java:562)
	at org.apache.maven.surefire.booter.ForkedBooter.main(ForkedBooter.java:548)

Dec 10, 2024 12:35:41 AM programmingtheiot.gda.connection.MqttClientConnector unsubscribeFromTopic
INFO: unsubscribeFromTopic called with topic: CDA_ACTUATOR_RESPONSE_RESOURCE
Dec 10, 2024 12:35:41 AM programmingtheiot.gda.connection.MqttClientConnector unsubscribeFromTopic
SEVERE: Failed to unsubscribe from topic: CDA_ACTUATOR_RESPONSE_RESOURCE
Client is not connected (32104)
	at org.eclipse.paho.client.mqttv3.internal.ExceptionHelper.createMqttException(ExceptionHelper.java:31)
	at org.eclipse.paho.client.mqttv3.internal.ClientComms.sendNoWait(ClientComms.java:203)
	at org.eclipse.paho.client.mqttv3.MqttAsyncClient.unsubscribe(MqttAsyncClient.java:1120)
	at org.eclipse.paho.client.mqttv3.MqttAsyncClient.unsubscribe(MqttAsyncClient.java:1060)
	at programmingtheiot.gda.connection.MqttClientConnector.unsubscribeFromTopic(MqttClientConnector.java:275)
	at programmingtheiot.gda.app.DeviceDataManager.stopManager(DeviceDataManager.java:453)
	at programmingtheiot.part04.integration.connection.CloudClientConnectorTest.testIntegratedCloudClientConnectAndDisconnect(CloudClientConnectorTest.java:112)
	at java.base/jdk.internal.reflect.NativeMethodAccessorImpl.invoke0(Native Method)
	at java.base/jdk.internal.reflect.NativeMethodAccessorImpl.invoke(NativeMethodAccessorImpl.java:62)
	at java.base/jdk.internal.reflect.DelegatingMethodAccessorImpl.invoke(DelegatingMethodAccessorImpl.java:43)
	at java.base/java.lang.reflect.Method.invoke(Method.java:566)
	at org.junit.runners.model.FrameworkMethod$1.runReflectiveCall(FrameworkMethod.java:59)
	at org.junit.internal.runners.model.ReflectiveCallable.run(ReflectiveCallable.java:12)
	at org.junit.runners.model.FrameworkMethod.invokeExplosively(FrameworkMethod.java:56)
	at org.junit.internal.runners.statements.InvokeMethod.evaluate(InvokeMethod.java:17)
	at org.junit.internal.runners.statements.RunBefores.evaluate(RunBefores.java:26)
	at org.junit.internal.runners.statements.RunAfters.evaluate(RunAfters.java:27)
	at org.junit.runners.ParentRunner$3.evaluate(ParentRunner.java:306)
	at org.junit.runners.BlockJUnit4ClassRunner$1.evaluate(BlockJUnit4ClassRunner.java:100)
	at org.junit.runners.ParentRunner.runLeaf(ParentRunner.java:366)
	at org.junit.runners.BlockJUnit4ClassRunner.runChild(BlockJUnit4ClassRunner.java:103)
	at org.junit.runners.BlockJUnit4ClassRunner.runChild(BlockJUnit4ClassRunner.java:63)
	at org.junit.runners.ParentRunner$4.run(ParentRunner.java:331)
	at org.junit.runners.ParentRunner$1.schedule(ParentRunner.java:79)
	at org.junit.runners.ParentRunner.runChildren(ParentRunner.java:329)
	at org.junit.runners.ParentRunner.access$100(ParentRunner.java:66)
	at org.junit.runners.ParentRunner$2.evaluate(ParentRunner.java:293)
	at org.junit.runners.ParentRunner$3.evaluate(ParentRunner.java:306)
	at org.junit.runners.ParentRunner.run(ParentRunner.java:413)
	at org.apache.maven.surefire.junit4.JUnit4Provider.execute(JUnit4Provider.java:364)
	at org.apache.maven.surefire.junit4.JUnit4Provider.executeWithRerun(JUnit4Provider.java:272)
	at org.apache.maven.surefire.junit4.JUnit4Provider.executeTestSet(JUnit4Provider.java:237)
	at org.apache.maven.surefire.junit4.JUnit4Provider.invoke(JUnit4Provider.java:158)
	at org.apache.maven.surefire.booter.ForkedBooter.runSuitesInProcess(ForkedBooter.java:428)
	at org.apache.maven.surefire.booter.ForkedBooter.execute(ForkedBooter.java:162)
	at org.apache.maven.surefire.booter.ForkedBooter.run(ForkedBooter.java:562)
	at org.apache.maven.surefire.booter.ForkedBooter.main(ForkedBooter.java:548)

Dec 10, 2024 12:35:41 AM programmingtheiot.gda.connection.MqttClientConnector unsubscribeFromTopic
INFO: unsubscribeFromTopic called with topic: CDA_SENSOR_MSG_RESOURCE
Dec 10, 2024 12:35:41 AM programmingtheiot.gda.connection.MqttClientConnector unsubscribeFromTopic
SEVERE: Failed to unsubscribe from topic: CDA_SENSOR_MSG_RESOURCE
Client is not connected (32104)
	at org.eclipse.paho.client.mqttv3.internal.ExceptionHelper.createMqttException(ExceptionHelper.java:31)
	at org.eclipse.paho.client.mqttv3.internal.ClientComms.sendNoWait(ClientComms.java:203)
	at org.eclipse.paho.client.mqttv3.MqttAsyncClient.unsubscribe(MqttAsyncClient.java:1120)
	at org.eclipse.paho.client.mqttv3.MqttAsyncClient.unsubscribe(MqttAsyncClient.java:1060)
	at programmingtheiot.gda.connection.MqttClientConnector.unsubscribeFromTopic(MqttClientConnector.java:275)
	at programmingtheiot.gda.app.DeviceDataManager.stopManager(DeviceDataManager.java:454)
	at programmingtheiot.part04.integration.connection.CloudClientConnectorTest.testIntegratedCloudClientConnectAndDisconnect(CloudClientConnectorTest.java:112)
	at java.base/jdk.internal.reflect.NativeMethodAccessorImpl.invoke0(Native Method)
	at java.base/jdk.internal.reflect.NativeMethodAccessorImpl.invoke(NativeMethodAccessorImpl.java:62)
	at java.base/jdk.internal.reflect.DelegatingMethodAccessorImpl.invoke(DelegatingMethodAccessorImpl.java:43)
	at java.base/java.lang.reflect.Method.invoke(Method.java:566)
	at org.junit.runners.model.FrameworkMethod$1.runReflectiveCall(FrameworkMethod.java:59)
	at org.junit.internal.runners.model.ReflectiveCallable.run(ReflectiveCallable.java:12)
	at org.junit.runners.model.FrameworkMethod.invokeExplosively(FrameworkMethod.java:56)
	at org.junit.internal.runners.statements.InvokeMethod.evaluate(InvokeMethod.java:17)
	at org.junit.internal.runners.statements.RunBefores.evaluate(RunBefores.java:26)
	at org.junit.internal.runners.statements.RunAfters.evaluate(RunAfters.java:27)
	at org.junit.runners.ParentRunner$3.evaluate(ParentRunner.java:306)
	at org.junit.runners.BlockJUnit4ClassRunner$1.evaluate(BlockJUnit4ClassRunner.java:100)
	at org.junit.runners.ParentRunner.runLeaf(ParentRunner.java:366)
	at org.junit.runners.BlockJUnit4ClassRunner.runChild(BlockJUnit4ClassRunner.java:103)
	at org.junit.runners.BlockJUnit4ClassRunner.runChild(BlockJUnit4ClassRunner.java:63)
	at org.junit.runners.ParentRunner$4.run(ParentRunner.java:331)
	at org.junit.runners.ParentRunner$1.schedule(ParentRunner.java:79)
	at org.junit.runners.ParentRunner.runChildren(ParentRunner.java:329)
	at org.junit.runners.ParentRunner.access$100(ParentRunner.java:66)
	at org.junit.runners.ParentRunner$2.evaluate(ParentRunner.java:293)
	at org.junit.runners.ParentRunner$3.evaluate(ParentRunner.java:306)
	at org.junit.runners.ParentRunner.run(ParentRunner.java:413)
	at org.apache.maven.surefire.junit4.JUnit4Provider.execute(JUnit4Provider.java:364)
	at org.apache.maven.surefire.junit4.JUnit4Provider.executeWithRerun(JUnit4Provider.java:272)
	at org.apache.maven.surefire.junit4.JUnit4Provider.executeTestSet(JUnit4Provider.java:237)
	at org.apache.maven.surefire.junit4.JUnit4Provider.invoke(JUnit4Provider.java:158)
	at org.apache.maven.surefire.booter.ForkedBooter.runSuitesInProcess(ForkedBooter.java:428)
	at org.apache.maven.surefire.booter.ForkedBooter.execute(ForkedBooter.java:162)
	at org.apache.maven.surefire.booter.ForkedBooter.run(ForkedBooter.java:562)
	at org.apache.maven.surefire.booter.ForkedBooter.main(ForkedBooter.java:548)

Dec 10, 2024 12:35:41 AM programmingtheiot.gda.connection.MqttClientConnector unsubscribeFromTopic
INFO: unsubscribeFromTopic called with topic: CDA_SYSTEM_PERF_MSG_RESOURCE
Dec 10, 2024 12:35:41 AM programmingtheiot.gda.connection.MqttClientConnector unsubscribeFromTopic
SEVERE: Failed to unsubscribe from topic: CDA_SYSTEM_PERF_MSG_RESOURCE
Client is not connected (32104)
	at org.eclipse.paho.client.mqttv3.internal.ExceptionHelper.createMqttException(ExceptionHelper.java:31)
	at org.eclipse.paho.client.mqttv3.internal.ClientComms.sendNoWait(ClientComms.java:203)
	at org.eclipse.paho.client.mqttv3.MqttAsyncClient.unsubscribe(MqttAsyncClient.java:1120)
	at org.eclipse.paho.client.mqttv3.MqttAsyncClient.unsubscribe(MqttAsyncClient.java:1060)
	at programmingtheiot.gda.connection.MqttClientConnector.unsubscribeFromTopic(MqttClientConnector.java:275)
	at programmingtheiot.gda.app.DeviceDataManager.stopManager(DeviceDataManager.java:455)
	at programmingtheiot.part04.integration.connection.CloudClientConnectorTest.testIntegratedCloudClientConnectAndDisconnect(CloudClientConnectorTest.java:112)
	at java.base/jdk.internal.reflect.NativeMethodAccessorImpl.invoke0(Native Method)
	at java.base/jdk.internal.reflect.NativeMethodAccessorImpl.invoke(NativeMethodAccessorImpl.java:62)
	at java.base/jdk.internal.reflect.DelegatingMethodAccessorImpl.invoke(DelegatingMethodAccessorImpl.java:43)
	at java.base/java.lang.reflect.Method.invoke(Method.java:566)
	at org.junit.runners.model.FrameworkMethod$1.runReflectiveCall(FrameworkMethod.java:59)
	at org.junit.internal.runners.model.ReflectiveCallable.run(ReflectiveCallable.java:12)
	at org.junit.runners.model.FrameworkMethod.invokeExplosively(FrameworkMethod.java:56)
	at org.junit.internal.runners.statements.InvokeMethod.evaluate(InvokeMethod.java:17)
	at org.junit.internal.runners.statements.RunBefores.evaluate(RunBefores.java:26)
	at org.junit.internal.runners.statements.RunAfters.evaluate(RunAfters.java:27)
	at org.junit.runners.ParentRunner$3.evaluate(ParentRunner.java:306)
	at org.junit.runners.BlockJUnit4ClassRunner$1.evaluate(BlockJUnit4ClassRunner.java:100)
	at org.junit.runners.ParentRunner.runLeaf(ParentRunner.java:366)
	at org.junit.runners.BlockJUnit4ClassRunner.runChild(BlockJUnit4ClassRunner.java:103)
	at org.junit.runners.BlockJUnit4ClassRunner.runChild(BlockJUnit4ClassRunner.java:63)
	at org.junit.runners.ParentRunner$4.run(ParentRunner.java:331)
	at org.junit.runners.ParentRunner$1.schedule(ParentRunner.java:79)
	at org.junit.runners.ParentRunner.runChildren(ParentRunner.java:329)
	at org.junit.runners.ParentRunner.access$100(ParentRunner.java:66)
	at org.junit.runners.ParentRunner$2.evaluate(ParentRunner.java:293)
	at org.junit.runners.ParentRunner$3.evaluate(ParentRunner.java:306)
	at org.junit.runners.ParentRunner.run(ParentRunner.java:413)
	at org.apache.maven.surefire.junit4.JUnit4Provider.execute(JUnit4Provider.java:364)
	at org.apache.maven.surefire.junit4.JUnit4Provider.executeWithRerun(JUnit4Provider.java:272)
	at org.apache.maven.surefire.junit4.JUnit4Provider.executeTestSet(JUnit4Provider.java:237)
	at org.apache.maven.surefire.junit4.JUnit4Provider.invoke(JUnit4Provider.java:158)
	at org.apache.maven.surefire.booter.ForkedBooter.runSuitesInProcess(ForkedBooter.java:428)
	at org.apache.maven.surefire.booter.ForkedBooter.execute(ForkedBooter.java:162)
	at org.apache.maven.surefire.booter.ForkedBooter.run(ForkedBooter.java:562)
	at org.apache.maven.surefire.booter.ForkedBooter.main(ForkedBooter.java:548)

Dec 10, 2024 12:35:41 AM programmingtheiot.gda.connection.MqttClientConnector disconnectClient
WARNING: MQTT client not connected to broker: ssl://localhost:8883
Dec 10, 2024 12:35:41 AM programmingtheiot.gda.app.DeviceDataManager stopManager
SEVERE: Failed to disconnect MQTT client from broker.
Dec 10, 2024 12:35:41 AM programmingtheiot.part04.integration.connection.CloudClientConnectorTest testIntegratedCloudClientConnectAndDisconnect
INFO: Test complete.
]]></system-err>
  </testcase>
</testsuite>